[debug] [2021-02-08T13:02:07.229Z] ----------------------------------------------------------------------
[debug] [2021-02-08T13:02:07.230Z] Command:       C:\Program Files\nodejs\node.exe C:\Users\jdgam\AppData\Roaming\npm\node_modules\firebase-tools\lib\bin\firebase.js serve
[debug] [2021-02-08T13:02:07.230Z] CLI Version:   9.3.0
[debug] [2021-02-08T13:02:07.230Z] Platform:      win32
[debug] [2021-02-08T13:02:07.231Z] Node Version:  v14.15.1
[debug] [2021-02-08T13:02:07.231Z] Time:          Mon Feb 08 2021 07:02:07 GMT-0600 (Central Standard Time)
[debug] [2021-02-08T13:02:07.231Z] ----------------------------------------------------------------------
[debug] [2021-02-08T13:02:07.231Z] 
[debug] [2021-02-08T13:02:07.236Z] > command requires scopes: ["email","openid","https://www.googleapis.com/auth/cloudplatformprojects.readonly","https://www.googleapis.com/auth/firebase","https://www.googleapis.com/auth/cloud-platform"]
[debug] [2021-02-08T13:02:07.236Z] > authorizing via signed-in user
[debug] [2021-02-08T13:02:07.236Z] [iam] checking project language-lover-dev for permissions ["firebase.projects.get"]
[debug] [2021-02-08T13:02:07.238Z] > refreshing access token with scopes: ["email","https://www.googleapis.com/auth/cloud-platform","https://www.googleapis.com/auth/cloudplatformprojects.readonly","https://www.googleapis.com/auth/firebase","openid"]
[debug] [2021-02-08T13:02:07.239Z] >>> HTTP REQUEST POST https://www.googleapis.com/oauth2/v3/token  
 <request body omitted>
[debug] [2021-02-08T13:02:07.459Z] <<< HTTP RESPONSE 200 {"pragma":"no-cache","cache-control":"no-cache, no-store, max-age=0, must-revalidate","expires":"Mon, 01 Jan 1990 00:00:00 GMT","date":"Mon, 08 Feb 2021 13:02:06 GMT","content-type":"application/json; charset=utf-8","vary":"X-Origin, Referer, Origin,Accept-Encoding","server":"scaffolding on HTTPServer2","x-xss-protection":"0","x-frame-options":"SAMEORIGIN","x-content-type-options":"nosniff","alt-svc":"h3-29=\":443\"; ma=2592000,h3-T051=\":443\"; ma=2592000,h3-Q050=\":443\"; ma=2592000,h3-Q046=\":443\"; ma=2592000,h3-Q043=\":443\"; ma=2592000,quic=\":443\"; ma=2592000; v=\"46,43\"","accept-ranges":"none","transfer-encoding":"chunked"}
[debug] [2021-02-08T13:02:07.474Z] >>> HTTP REQUEST POST https://cloudresourcemanager.googleapis.com/v1/projects/language-lover-dev:testIamPermissions  
 {"permissions":["firebase.projects.get"]}
[debug] [2021-02-08T13:02:07.739Z] <<< HTTP RESPONSE 200 {"content-type":"application/json; charset=UTF-8","vary":"X-Origin, Referer, Origin,Accept-Encoding","date":"Mon, 08 Feb 2021 13:02:07 GMT","server":"ESF","cache-control":"private","x-xss-protection":"0","x-frame-options":"SAMEORIGIN","x-content-type-options":"nosniff","server-timing":"gfet4t7; dur=88","alt-svc":"h3-29=\":443\"; ma=2592000,h3-T051=\":443\"; ma=2592000,h3-Q050=\":443\"; ma=2592000,h3-Q046=\":443\"; ma=2592000,h3-Q043=\":443\"; ma=2592000,quic=\":443\"; ma=2592000; v=\"46,43\"","accept-ranges":"none","transfer-encoding":"chunked"}
[debug] [2021-02-08T13:02:07.742Z] > refreshing access token with scopes: []
[debug] [2021-02-08T13:02:07.742Z] >>> HTTP REQUEST POST https://www.googleapis.com/oauth2/v3/token  
 <request body omitted>
[debug] [2021-02-08T13:02:07.867Z] <<< HTTP RESPONSE 200 {"expires":"Mon, 01 Jan 1990 00:00:00 GMT","pragma":"no-cache","cache-control":"no-cache, no-store, max-age=0, must-revalidate","date":"Mon, 08 Feb 2021 13:02:07 GMT","content-type":"application/json; charset=utf-8","vary":"X-Origin, Referer, Origin,Accept-Encoding","server":"scaffolding on HTTPServer2","x-xss-protection":"0","x-frame-options":"SAMEORIGIN","x-content-type-options":"nosniff","alt-svc":"h3-29=\":443\"; ma=2592000,h3-T051=\":443\"; ma=2592000,h3-Q050=\":443\"; ma=2592000,h3-Q046=\":443\"; ma=2592000,h3-Q043=\":443\"; ma=2592000,quic=\":443\"; ma=2592000; v=\"46,43\"","accept-ranges":"none","transfer-encoding":"chunked"}
[debug] [2021-02-08T13:02:07.873Z] >>> [apiv2][query] GET https://firebase.googleapis.com/v1beta1/projects/language-lover-dev [none]
[debug] [2021-02-08T13:02:08.151Z] <<< [apiv2][status] GET https://firebase.googleapis.com/v1beta1/projects/language-lover-dev 200
[debug] [2021-02-08T13:02:08.152Z] <<< [apiv2][body] GET https://firebase.googleapis.com/v1beta1/projects/language-lover-dev {"projectId":"language-lover-dev","projectNumber":"1081124387924","displayName":"language-lover-dev","name":"projects/language-lover-dev","resources":{"hostingSite":"language-lover-dev","realtimeDatabaseInstance":"language-lover-dev","storageBucket":"language-lover-dev.appspot.com","locationId":"us-central"},"state":"ACTIVE"}
[info] 
[info] === Serving from 'C:\web projects\svelte-next-firebase'...
[info] 
[debug] [2021-02-08T13:02:08.155Z] >>> [apiv2][query] GET https://firebase.googleapis.com/v1beta1/projects/language-lover-dev/webApps/-/config [none]
[warn] !  Your requested "node" version "12" doesn't match your global version "14" {"metadata":{"emulator":{"name":"functions"},"message":"Your requested \"node\" version \"12\" doesn't match your global version \"14\""}}
[debug] [2021-02-08T13:02:08.162Z] defaultcredentials: writing to file C:\Users\jdgam\AppData\Roaming\firebase\jdgamble555_gmail_com_application_default_credentials.json
[debug] [2021-02-08T13:02:08.162Z] Setting GAC to C:\Users\jdgam\AppData\Roaming\firebase\jdgamble555_gmail_com_application_default_credentials.json {"metadata":{"emulator":{"name":"functions"},"message":"Setting GAC to C:\\Users\\jdgam\\AppData\\Roaming\\firebase\\jdgamble555_gmail_com_application_default_credentials.json"}}
[debug] [2021-02-08T13:02:08.163Z] >>> [apiv2][query] GET https://firebase.googleapis.com/v1beta1/projects/language-lover-dev/adminSdkConfig [none]
[debug] [2021-02-08T13:02:08.479Z] <<< [apiv2][status] GET https://firebase.googleapis.com/v1beta1/projects/language-lover-dev/adminSdkConfig 200
[debug] [2021-02-08T13:02:08.480Z] <<< [apiv2][body] GET https://firebase.googleapis.com/v1beta1/projects/language-lover-dev/adminSdkConfig {"projectId":"language-lover-dev","databaseURL":"https://language-lover-dev.firebaseio.com","storageBucket":"language-lover-dev.appspot.com","locationId":"us-central"}
[debug] [2021-02-08T13:02:08.710Z] <<< [apiv2][status] GET https://firebase.googleapis.com/v1beta1/projects/language-lover-dev/webApps/-/config 200
[debug] [2021-02-08T13:02:08.710Z] <<< [apiv2][body] GET https://firebase.googleapis.com/v1beta1/projects/language-lover-dev/webApps/-/config {"projectId":"language-lover-dev","appId":"1:1081124387924:web:9501df247987457b60c1c1","databaseURL":"https://language-lover-dev.firebaseio.com","storageBucket":"language-lover-dev.appspot.com","locationId":"us-central","apiKey":"AIzaSyBjDcDA1EdWkG7nkUEB6oaEqUD43JAoRl4","authDomain":"language-lover-dev.firebaseapp.com","messagingSenderId":"1081124387924","measurementId":"G-XKS6WT69QP"}
[info] i  functions: Watching "C:\web projects\svelte-next-firebase\functions" for Cloud Functions... {"metadata":{"emulator":{"name":"functions"},"message":"Watching \"C:\\web projects\\svelte-next-firebase\\functions\" for Cloud Functions..."}}
[debug] [2021-02-08T13:02:08.739Z] [worker-pool] addWorker(~diagnostic~) {"metadata":{"emulator":{"name":"functions"},"message":"[worker-pool] addWorker(~diagnostic~)"}}
[debug] [2021-02-08T13:02:08.739Z] [worker-pool] Adding worker with key ~diagnostic~, total=1 {"metadata":{"emulator":{"name":"functions"},"message":"[worker-pool] Adding worker with key ~diagnostic~, total=1"}}
[debug] [2021-02-08T13:02:08.739Z] [worker-pool] submitWork(triggerId=) {"metadata":{"emulator":{"name":"functions"},"message":"[worker-pool] submitWork(triggerId=)"}}
[debug] [2021-02-08T13:02:08.739Z] [worker-~diagnostic~-2dee8edb-22ad-4648-8e29-1635f45ddb0b]: Assigning socketPath: \\?\pipe\C:\web projects\svelte-next-firebase\functions\11248 {"metadata":{"emulator":{"name":"functions"},"message":"[worker-~diagnostic~-2dee8edb-22ad-4648-8e29-1635f45ddb0b]: Assigning socketPath: \\\\?\\pipe\\C:\\web projects\\svelte-next-firebase\\functions\\11248"}}
[debug] [2021-02-08T13:02:08.740Z] [worker-~diagnostic~-2dee8edb-22ad-4648-8e29-1635f45ddb0b]: BUSY {"metadata":{"emulator":{"name":"functions"},"message":"[worker-~diagnostic~-2dee8edb-22ad-4648-8e29-1635f45ddb0b]: BUSY"}}
[info] i  hosting: Serving hosting files from: static {"metadata":{"emulator":{"name":"hosting"},"message":"Serving hosting files from: \u001b[1mstatic\u001b[22m"}}
[info] +  hosting: Local server: http://localhost:5000 {"metadata":{"emulator":{"name":"hosting"},"message":"Local server: \u001b[4m\u001b[1mhttp://localhost:5000\u001b[22m\u001b[24m"}}
[debug] [2021-02-08T13:02:08.887Z] [runtime-status] [11248] Functions runtime initialized. {"cwd":"C:\\web projects\\svelte-next-firebase\\functions","node_version":"14.15.1"} {"metadata":{"emulator":{"name":"functions"},"message":"[runtime-status] [11248] Functions runtime initialized. {\"cwd\":\"C:\\\\web projects\\\\svelte-next-firebase\\\\functions\",\"node_version\":\"14.15.1\"}"}}
[debug] [2021-02-08T13:02:08.888Z] [runtime-status] [11248] Disabled runtime features: undefined {"metadata":{"emulator":{"name":"functions"},"message":"[runtime-status] [11248] Disabled runtime features: undefined"}}
[debug] [2021-02-08T13:02:08.891Z] [runtime-status] [11248] Resolved module firebase-admin {"declared":true,"installed":true,"version":"9.4.2","resolution":"C:\\web projects\\svelte-next-firebase\\functions\\node_modules\\firebase-admin\\lib\\index.js"} {"metadata":{"emulator":{"name":"functions"},"message":"[runtime-status] [11248] Resolved module firebase-admin {\"declared\":true,\"installed\":true,\"version\":\"9.4.2\",\"resolution\":\"C:\\\\web projects\\\\svelte-next-firebase\\\\functions\\\\node_modules\\\\firebase-admin\\\\lib\\\\index.js\"}"}}
[debug] [2021-02-08T13:02:08.892Z] [runtime-status] [11248] Resolved module firebase-functions {"declared":true,"installed":true,"version":"3.13.1","resolution":"C:\\web projects\\svelte-next-firebase\\functions\\node_modules\\firebase-functions\\lib\\index.js"} {"metadata":{"emulator":{"name":"functions"},"message":"[runtime-status] [11248] Resolved module firebase-functions {\"declared\":true,\"installed\":true,\"version\":\"3.13.1\",\"resolution\":\"C:\\\\web projects\\\\svelte-next-firebase\\\\functions\\\\node_modules\\\\firebase-functions\\\\lib\\\\index.js\"}"}}
[debug] [2021-02-08T13:02:08.893Z] [runtime-status] [11248] Resolved module firebase-functions {"declared":true,"installed":true,"version":"3.13.1","resolution":"C:\\web projects\\svelte-next-firebase\\functions\\node_modules\\firebase-functions\\lib\\index.js"} {"metadata":{"emulator":{"name":"functions"},"message":"[runtime-status] [11248] Resolved module firebase-functions {\"declared\":true,\"installed\":true,\"version\":\"3.13.1\",\"resolution\":\"C:\\\\web projects\\\\svelte-next-firebase\\\\functions\\\\node_modules\\\\firebase-functions\\\\lib\\\\index.js\"}"}}
[debug] [2021-02-08T13:02:08.895Z] [runtime-status] [11248] Outgoing network have been stubbed. [{"name":"http","status":"mocked"},{"name":"http","status":"mocked"},{"name":"https","status":"mocked"},{"name":"https","status":"mocked"},{"name":"net","status":"mocked"}] {"metadata":{"emulator":{"name":"functions"},"message":"[runtime-status] [11248] Outgoing network have been stubbed. [{\"name\":\"http\",\"status\":\"mocked\"},{\"name\":\"http\",\"status\":\"mocked\"},{\"name\":\"https\",\"status\":\"mocked\"},{\"name\":\"https\",\"status\":\"mocked\"},{\"name\":\"net\",\"status\":\"mocked\"}]"}}
[debug] [2021-02-08T13:02:08.895Z] [runtime-status] [11248] Resolved module firebase-functions {"declared":true,"installed":true,"version":"3.13.1","resolution":"C:\\web projects\\svelte-next-firebase\\functions\\node_modules\\firebase-functions\\lib\\index.js"} {"metadata":{"emulator":{"name":"functions"},"message":"[runtime-status] [11248] Resolved module firebase-functions {\"declared\":true,\"installed\":true,\"version\":\"3.13.1\",\"resolution\":\"C:\\\\web projects\\\\svelte-next-firebase\\\\functions\\\\node_modules\\\\firebase-functions\\\\lib\\\\index.js\"}"}}
[debug] [2021-02-08T13:02:08.931Z] [runtime-status] [11248] Checked functions.config() {"config":{}} {"metadata":{"emulator":{"name":"functions"},"message":"[runtime-status] [11248] Checked functions.config() {\"config\":{}}"}}
[debug] [2021-02-08T13:02:08.931Z] [runtime-status] [11248] firebase-functions has been stubbed. {"functionsResolution":{"declared":true,"installed":true,"version":"3.13.1","resolution":"C:\\web projects\\svelte-next-firebase\\functions\\node_modules\\firebase-functions\\lib\\index.js"}} {"metadata":{"emulator":{"name":"functions"},"message":"[runtime-status] [11248] firebase-functions has been stubbed. {\"functionsResolution\":{\"declared\":true,\"installed\":true,\"version\":\"3.13.1\",\"resolution\":\"C:\\\\web projects\\\\svelte-next-firebase\\\\functions\\\\node_modules\\\\firebase-functions\\\\lib\\\\index.js\"}}"}}
[debug] [2021-02-08T13:02:08.931Z] [runtime-status] [11248] Resolved module firebase-functions {"declared":true,"installed":true,"version":"3.13.1","resolution":"C:\\web projects\\svelte-next-firebase\\functions\\node_modules\\firebase-functions\\lib\\index.js"} {"metadata":{"emulator":{"name":"functions"},"message":"[runtime-status] [11248] Resolved module firebase-functions {\"declared\":true,\"installed\":true,\"version\":\"3.13.1\",\"resolution\":\"C:\\\\web projects\\\\svelte-next-firebase\\\\functions\\\\node_modules\\\\firebase-functions\\\\lib\\\\index.js\"}"}}
[debug] [2021-02-08T13:02:08.932Z] [runtime-status] [11248] Resolved module firebase-admin {"declared":true,"installed":true,"version":"9.4.2","resolution":"C:\\web projects\\svelte-next-firebase\\functions\\node_modules\\firebase-admin\\lib\\index.js"} {"metadata":{"emulator":{"name":"functions"},"message":"[runtime-status] [11248] Resolved module firebase-admin {\"declared\":true,\"installed\":true,\"version\":\"9.4.2\",\"resolution\":\"C:\\\\web projects\\\\svelte-next-firebase\\\\functions\\\\node_modules\\\\firebase-admin\\\\lib\\\\index.js\"}"}}
[debug] [2021-02-08T13:02:08.932Z] [runtime-status] [11248] Resolved module firebase-functions {"declared":true,"installed":true,"version":"3.13.1","resolution":"C:\\web projects\\svelte-next-firebase\\functions\\node_modules\\firebase-functions\\lib\\index.js"} {"metadata":{"emulator":{"name":"functions"},"message":"[runtime-status] [11248] Resolved module firebase-functions {\"declared\":true,\"installed\":true,\"version\":\"3.13.1\",\"resolution\":\"C:\\\\web projects\\\\svelte-next-firebase\\\\functions\\\\node_modules\\\\firebase-functions\\\\lib\\\\index.js\"}"}}
[debug] [2021-02-08T13:02:08.932Z] [runtime-status] [11248] firebase-admin has been stubbed. {"adminResolution":{"declared":true,"installed":true,"version":"9.4.2","resolution":"C:\\web projects\\svelte-next-firebase\\functions\\node_modules\\firebase-admin\\lib\\index.js"}} {"metadata":{"emulator":{"name":"functions"},"message":"[runtime-status] [11248] firebase-admin has been stubbed. {\"adminResolution\":{\"declared\":true,\"installed\":true,\"version\":\"9.4.2\",\"resolution\":\"C:\\\\web projects\\\\svelte-next-firebase\\\\functions\\\\node_modules\\\\firebase-admin\\\\lib\\\\index.js\"}}"}}
[warn] !  Error: Cannot find module 'C:\web projects\svelte-next-firebase\functions\lib\index.js'. Please verify that the package.json has a valid "main" entry
    at tryPackage (internal/modules/cjs/loader.js:303:19)
    at Function.Module._findPath (internal/modules/cjs/loader.js:516:18)
    at Function.Module._resolveFilename (internal/modules/cjs/loader.js:867:27)
    at Function.Module._load (internal/modules/cjs/loader.js:725:27)
    at Module.require (internal/modules/cjs/loader.js:952:19)
    at require (internal/modules/cjs/helpers.js:88:18)
    at initializeRuntime (C:\Users\jdgam\AppData\Roaming\npm\node_modules\firebase-tools\lib\emulator\functionsEmulatorRuntime.js:676:29)
    at processTicksAndRejections (internal/process/task_queues.js:93:5)
    at async handleMessage (C:\Users\jdgam\AppData\Roaming\npm\node_modules\firebase-tools\lib\emulator\functionsEmulatorRuntime.js:714:20) {"metadata":{"emulator":{"name":"functions"},"message":"Error: Cannot find module 'C:\\web projects\\svelte-next-firebase\\functions\\lib\\index.js'. Please verify that the package.json has a valid \"main\" entry\n    at tryPackage (internal/modules/cjs/loader.js:303:19)\n    at Function.Module._findPath (internal/modules/cjs/loader.js:516:18)\n    at Function.Module._resolveFilename (internal/modules/cjs/loader.js:867:27)\n    at Function.Module._load (internal/modules/cjs/loader.js:725:27)\n    at Module.require (internal/modules/cjs/loader.js:952:19)\n    at require (internal/modules/cjs/helpers.js:88:18)\n    at initializeRuntime (C:\\Users\\jdgam\\AppData\\Roaming\\npm\\node_modules\\firebase-tools\\lib\\emulator\\functionsEmulatorRuntime.js:676:29)\n    at processTicksAndRejections (internal/process/task_queues.js:93:5)\n    at async handleMessage (C:\\Users\\jdgam\\AppData\\Roaming\\npm\\node_modules\\firebase-tools\\lib\\emulator\\functionsEmulatorRuntime.js:714:20)"}}
[warn] !  We were unable to load your functions code. (see above)
   - It appears your code is written in Typescript, which must be compiled before emulation.
   - You may be able to run "npm run build" in your functions directory to resolve this. {"metadata":{"emulator":{"name":"functions"}}}
[debug] [2021-02-08T13:02:08.952Z] [worker-~diagnostic~-2dee8edb-22ad-4648-8e29-1635f45ddb0b]: exited {"metadata":{"emulator":{"name":"functions"},"message":"[worker-~diagnostic~-2dee8edb-22ad-4648-8e29-1635f45ddb0b]: exited"}}
[debug] [2021-02-08T13:02:08.952Z] [worker-~diagnostic~-2dee8edb-22ad-4648-8e29-1635f45ddb0b]: FINISHED {"metadata":{"emulator":{"name":"functions"},"message":"[worker-~diagnostic~-2dee8edb-22ad-4648-8e29-1635f45ddb0b]: FINISHED"}}
